*** Using Compiler 'V5.06 update 7 (build 960)', folder: 'D:\Keil_v5\ARM\ARMCC\Bin'
Build target 'R9_407E'
compiling getadcdata.c...
compiling led.c...
compiling main.c...
compiling WheelSpeedMap.c...
..\..\Drivers\BSP\R9\WheelSpeedMap.c(577): warning:  #1035-D: single-precision operand implicitly converted to double-precision
  	 power=(0.0-spta->flexible)*power;
..\..\Drivers\BSP\R9\WheelSpeedMap.c: 1 warning, 0 errors
compiling API_Schedule.c...
compiling moterdriver.c...
..\..\Drivers\BSP\R9\moterdriver.c(696): warning:  #1035-D: single-precision operand implicitly converted to double-precision
          T6_IN1 = 100 * (1.0 - acctemp);
..\..\Drivers\BSP\R9\moterdriver.c(716): warning:  #1035-D: single-precision operand implicitly converted to double-precision
          T6_IN2 = 100 * (1.0 - acctemp);
..\..\Drivers\BSP\R9\moterdriver.c(733): warning:  #1035-D: single-precision operand implicitly converted to double-precision
          T1_IN1 = 100 * (1.0 - acctemp);
..\..\Drivers\BSP\R9\moterdriver.c(735): warning:  #1035-D: single-precision operand implicitly converted to double-precision
          T2_IN1 = 100 * (1.0 - Kp * acctemp);
..\..\Drivers\BSP\R9\moterdriver.c(774): warning:  #1035-D: single-precision operand implicitly converted to double-precision
          T1_IN2 = 100 * (1.0 - acctemp);
..\..\Drivers\BSP\R9\moterdriver.c(776): warning:  #1035-D: single-precision operand implicitly converted to double-precision
          T2_IN2 = 100 * (1.0 - Kp * acctemp);
..\..\Drivers\BSP\R9\moterdriver.c(796): warning:  #1035-D: single-precision operand implicitly converted to double-precision
          T3_IN1 = 100 * (1.0 - acctemp);
..\..\Drivers\BSP\R9\moterdriver.c(821): warning:  #1035-D: single-precision operand implicitly converted to double-precision
          T3_IN2 = 100 * (1.0 - acctemp);
..\..\Drivers\BSP\R9\moterdriver.c(844): warning:  #1035-D: single-precision operand implicitly converted to double-precision
          T1_IN2 = 100 * (1.0 - acctemp);
..\..\Drivers\BSP\R9\moterdriver.c(867): warning:  #1035-D: single-precision operand implicitly converted to double-precision
          T1_IN1 = 100 * (1.0 - acctemp);
..\..\Drivers\BSP\R9\moterdriver.c(894): warning:  #1035-D: single-precision operand implicitly converted to double-precision
          T4_IN1 = 100 * (1.0 - acctemp);
..\..\Drivers\BSP\R9\moterdriver.c(896): warning:  #1035-D: single-precision operand implicitly converted to double-precision
          T5_IN1 = 100 * (1.0 - acctemp);
..\..\Drivers\BSP\R9\moterdriver.c(931): warning:  #1035-D: single-precision operand implicitly converted to double-precision
          T4_IN2 = 100 * (1.0 - acctemp);
..\..\Drivers\BSP\R9\moterdriver.c(933): warning:  #1035-D: single-precision operand implicitly converted to double-precision
          T5_IN2 = 100 * (1.0 - acctemp);
..\..\Drivers\BSP\R9\moterdriver.c(967): warning:  #1035-D: single-precision operand implicitly converted to double-precision
          T5_IN1 = 100 * (1.0 - acctemp);
..\..\Drivers\BSP\R9\moterdriver.c(987): warning:  #1035-D: single-precision operand implicitly converted to double-precision
          T5_IN2 = 100 * (1.0 - acctemp);
..\..\Drivers\BSP\R9\moterdriver.c(1004): warning:  #1035-D: single-precision operand implicitly converted to double-precision
          T2_IN1 = 100 * (1.0 - acctemp);
..\..\Drivers\BSP\R9\moterdriver.c(1028): warning:  #1035-D: single-precision operand implicitly converted to double-precision
          T2_IN2 = 100 * (1.0 - acctemp);
..\..\Drivers\BSP\R9\moterdriver.c: 18 warnings, 0 errors
compiling task.c...
linking...
Program Size: Code=50332 RO-data=5420 RW-data=336 ZI-data=5240  
FromELF: creating hex file...
"..\..\Output\atk_f407.axf" - 0 Error(s), 19 Warning(s).
Build Time Elapsed:  00:00:04
